[INFO] Scanning for projects...
[INFO] 
[INFO] ---------------------< com.yiyundao:compensation >----------------------
[INFO] Building Compensation Assistant System 0.0.1-SNAPSHOT
[INFO]   from pom.xml
[INFO] --------------------------------[ jar ]---------------------------------
[INFO] 
[INFO] >>> spring-boot:3.5.6:run (default-cli) > test-compile @ compensation >>>
[INFO] 
[INFO] --- resources:3.3.1:resources (default-resources) @ compensation ---
[INFO] Copying 5 resources from src/main/resources to target/classes
[INFO] Copying 1 resource from src/main/resources to target/classes
[INFO] 
[INFO] --- compiler:3.14.0:compile (default-compile) @ compensation ---
[INFO] Recompiling the module because of changed source code.
[INFO] Compiling 48 source files with javac [debug parameters release 17] to target/classes
[INFO] /home/tyqy12/compensation-backend/src/main/java/com/yiyundao/compensation/service/ApprovalEngine.java: /home/tyqy12/compensation-backend/src/main/java/com/yiyundao/compensation/service/ApprovalEngine.java uses unchecked or unsafe operations.
[INFO] /home/tyqy12/compensation-backend/src/main/java/com/yiyundao/compensation/service/ApprovalEngine.java: Recompile with -Xlint:unchecked for details.
[INFO] 
[INFO] --- resources:3.3.1:testResources (default-testResources) @ compensation ---
[INFO] skip non existing resourceDirectory /home/tyqy12/compensation-backend/src/test/resources
[INFO] 
[INFO] --- compiler:3.14.0:testCompile (default-testCompile) @ compensation ---
[INFO] Recompiling the module because of changed dependency.
[INFO] Compiling 1 source file with javac [debug parameters release 17] to target/test-classes
[INFO] 
[INFO] <<< spring-boot:3.5.6:run (default-cli) < test-compile @ compensation <<<
[INFO] 
[INFO] 
[INFO] --- spring-boot:3.5.6:run (default-cli) @ compensation ---
[INFO] Attaching agents: []
23:55:13.059 [main] INFO com.yiyundao.compensation.CompensationAssistantSystemApplication -- 启动薪酬助手系统 (Compensation Assistant System)...

  .   ____          _            __ _ _
 /\\ / ___'_ __ _ _(_)_ __  __ _ \ \ \ \
( ( )\___ | '_ | '_| | '_ \/ _` | \ \ \ \
 \\/  ___)| |_)| | | | | || (_| |  ) ) ) )
  '  |____| .__|_| |_|_| |_\__, | / / / /
 =========|_|==============|___/=/_/_/_/

 :: Spring Boot ::                (v3.5.6)

2025-09-26 23:55:14 [main] INFO  c.y.c.CompensationAssistantSystemApplication - Starting CompensationAssistantSystemApplication using Java 17.0.16 with PID 18789 (/home/tyqy12/compensation-backend/target/classes started by tyqy12 in /home/tyqy12/compensation-backend)
2025-09-26 23:55:14 [main] DEBUG c.y.c.CompensationAssistantSystemApplication - Running with Spring Boot v3.5.6, Spring v6.2.11
2025-09-26 23:55:14 [main] INFO  c.y.c.CompensationAssistantSystemApplication - The following 1 profile is active: "dev"
2025-09-26 23:55:15 [main] INFO  o.s.d.r.config.RepositoryConfigurationDelegate - Multiple Spring Data modules found, entering strict repository configuration mode
2025-09-26 23:55:15 [main] INFO  o.s.d.r.config.RepositoryConfigurationDelegate - Bootstrapping Spring Data Redis repositories in DEFAULT mode.
2025-09-26 23:55:15 [main] INFO  o.s.d.r.config.RepositoryConfigurationDelegate - Finished Spring Data repository scanning in 35 ms. Found 0 Redis repository interfaces.
2025-09-26 23:55:17 [main] INFO  o.s.boot.web.embedded.tomcat.TomcatWebServer - Tomcat initialized with port 8080 (http)
2025-09-26 23:55:17 [main] INFO  org.apache.catalina.core.StandardService - Starting service [Tomcat]
2025-09-26 23:55:17 [main] INFO  org.apache.catalina.core.StandardEngine - Starting Servlet engine: [Apache Tomcat/10.1.46]
2025-09-26 23:55:17 [main] INFO  o.a.c.c.ContainerBase.[Tomcat].[localhost].[/api] - Initializing Spring embedded WebApplicationContext
2025-09-26 23:55:17 [main] INFO  o.s.b.w.s.c.ServletWebServerApplicationContext - Root WebApplicationContext: initialization completed in 2743 ms
2025-09-26 23:55:17 [main] DEBUG c.y.compensation.security.JwtAuthenticationFilter - Filter 'jwtAuthenticationFilter' configured for use
Logging initialized using 'class org.apache.ibatis.logging.stdout.StdOutImpl' adapter.
2025-09-26 23:55:18 [main] DEBUG c.b.m.e.spring.MybatisSqlSessionFactoryBean - Registered plugin: 'com.baomidou.mybatisplus.extension.plugins.MybatisPlusInterceptor@2e4eda17'
2025-09-26 23:55:18 [main] DEBUG c.b.m.e.spring.MybatisSqlSessionFactoryBean - Property 'mapperLocations' was not specified.
Initialization Sequence datacenterId:1 workerId:0
 _ _   |_  _ _|_. ___ _ |    _ 
| | |\/|_)(_| | |_\  |_)||_|_\ 
     /               |         
                        3.5.5 
2025-09-26 23:55:19 [main] INFO  c.y.compensation.service.OrganizationSyncService - 已注册组织同步适配器: [wechat]
2025-09-26 23:55:20 [main] WARN  o.s.b.a.s.s.UserDetailsServiceAutoConfiguration - 

Using generated security password: dc08ccce-d378-473a-883d-39c17003a426

This generated password is for development use only. Your security configuration must be updated before running your application in production.

2025-09-26 23:55:20 [main] INFO  o.s.s.c.a.a.c.InitializeUserDetailsBeanManagerConfigurer$InitializeUserDetailsManagerConfigurer - Global AuthenticationManager configured with UserDetailsService bean with name inMemoryUserDetailsManager
2025-09-26 23:55:20 [main] DEBUG o.s.security.web.DefaultSecurityFilterChain - Will secure any request with filters: DisableEncodeUrlFilter, WebAsyncManagerIntegrationFilter, SecurityContextHolderFilter, HeaderWriterFilter, LogoutFilter, JwtAuthenticationFilter, RequestCacheAwareFilter, SecurityContextHolderAwareRequestFilter, AnonymousAuthenticationFilter, SessionManagementFilter, ExceptionTranslationFilter, AuthorizationFilter
2025-09-26 23:55:21 [main] INFO  org.quartz.impl.StdSchedulerFactory - Using default implementation for ThreadExecutor
2025-09-26 23:55:21 [main] INFO  org.quartz.core.SchedulerSignalerImpl - Initialized Scheduler Signaller of type: class org.quartz.core.SchedulerSignalerImpl
2025-09-26 23:55:21 [main] INFO  org.quartz.core.QuartzScheduler - Quartz Scheduler v2.5.0 created.
2025-09-26 23:55:21 [main] INFO  org.quartz.simpl.RAMJobStore - RAMJobStore initialized.
2025-09-26 23:55:21 [main] INFO  org.quartz.core.QuartzScheduler - Scheduler meta-data: Quartz Scheduler (v2.5.0) 'quartzScheduler' with instanceId 'NON_CLUSTERED'
  Scheduler class: 'org.quartz.core.QuartzScheduler' - running locally.
  NOT STARTED.
  Currently in standby mode.
  Number of jobs executed: 0
  Using thread pool 'org.quartz.simpl.SimpleThreadPool' - with 10 threads.
  Using job-store 'org.quartz.simpl.RAMJobStore' - which does not support persistence. and is not clustered.

2025-09-26 23:55:21 [main] INFO  org.quartz.impl.StdSchedulerFactory - Quartz scheduler 'quartzScheduler' initialized from an externally provided properties instance.
2025-09-26 23:55:21 [main] INFO  org.quartz.impl.StdSchedulerFactory - Quartz scheduler version: 2.5.0
2025-09-26 23:55:21 [main] INFO  org.quartz.core.QuartzScheduler - JobFactory set to: org.springframework.scheduling.quartz.SpringBeanJobFactory@15a0f9
2025-09-26 23:55:21 [main] INFO  o.s.boot.web.embedded.tomcat.TomcatWebServer - Tomcat started on port 8080 (http) with context path '/api'
2025-09-26 23:55:21 [main] INFO  o.s.scheduling.quartz.SchedulerFactoryBean - Starting Quartz Scheduler now
2025-09-26 23:55:21 [main] INFO  org.quartz.core.QuartzScheduler - Scheduler quartzScheduler_$_NON_CLUSTERED started.
2025-09-26 23:55:21 [main] INFO  c.y.c.CompensationAssistantSystemApplication - Started CompensationAssistantSystemApplication in 8.009 seconds (process running for 8.611)
2025-09-26 23:55:21 [main] DEBUG c.b.mybatisplus.autoconfigure.DdlApplicationRunner -   ...  DDL start create  ...  
2025-09-26 23:55:21 [main] DEBUG c.b.mybatisplus.autoconfigure.DdlApplicationRunner -   ...  DDL end create  ...  
2025-09-26 23:55:21 [main] INFO  c.y.c.CompensationAssistantSystemApplication - 薪酬助手系统启动完成！
2025-09-26 23:55:48 [http-nio-8080-exec-1] INFO  o.a.c.c.ContainerBase.[Tomcat].[localhost].[/api] - Initializing Spring DispatcherServlet 'dispatcherServlet'
2025-09-26 23:55:48 [http-nio-8080-exec-1] INFO  org.springframework.web.servlet.DispatcherServlet - Initializing Servlet 'dispatcherServlet'
2025-09-26 23:55:48 [http-nio-8080-exec-1] INFO  org.springframework.web.servlet.DispatcherServlet - Completed initialization in 2 ms
2025-09-26 23:55:48 [http-nio-8080-exec-1] DEBUG org.springframework.security.web.FilterChainProxy - Securing GET /system/health
2025-09-26 23:55:48 [http-nio-8080-exec-1] DEBUG o.s.s.w.a.AnonymousAuthenticationFilter - Set SecurityContextHolder to anonymous SecurityContext
2025-09-26 23:55:48 [http-nio-8080-exec-1] DEBUG o.s.s.w.authentication.Http403ForbiddenEntryPoint - Pre-authenticated entry point called. Rejecting access
2025-09-26 23:55:48 [http-nio-8080-exec-1] DEBUG org.springframework.security.web.FilterChainProxy - Securing GET /error
2025-09-26 23:55:48 [http-nio-8080-exec-1] DEBUG o.s.s.w.a.AnonymousAuthenticationFilter - Set SecurityContextHolder to anonymous SecurityContext
2025-09-26 23:55:48 [http-nio-8080-exec-1] DEBUG o.s.s.w.authentication.Http403ForbiddenEntryPoint - Pre-authenticated entry point called. Rejecting access
2025-09-26 23:55:52 [http-nio-8080-exec-2] DEBUG org.springframework.security.web.FilterChainProxy - Securing GET /system/health
2025-09-26 23:55:52 [http-nio-8080-exec-2] DEBUG o.s.s.w.a.AnonymousAuthenticationFilter - Set SecurityContextHolder to anonymous SecurityContext
2025-09-26 23:55:52 [http-nio-8080-exec-2] DEBUG o.s.s.w.authentication.Http403ForbiddenEntryPoint - Pre-authenticated entry point called. Rejecting access
2025-09-26 23:55:52 [http-nio-8080-exec-2] DEBUG org.springframework.security.web.FilterChainProxy - Securing GET /error
2025-09-26 23:55:52 [http-nio-8080-exec-2] DEBUG o.s.s.w.a.AnonymousAuthenticationFilter - Set SecurityContextHolder to anonymous SecurityContext
2025-09-26 23:55:52 [http-nio-8080-exec-2] DEBUG o.s.s.w.authentication.Http403ForbiddenEntryPoint - Pre-authenticated entry point called. Rejecting access
2025-09-26 23:55:53 [http-nio-8080-exec-3] DEBUG org.springframework.security.web.FilterChainProxy - Securing GET /system/health
2025-09-26 23:55:53 [http-nio-8080-exec-3] DEBUG o.s.s.w.a.AnonymousAuthenticationFilter - Set SecurityContextHolder to anonymous SecurityContext
2025-09-26 23:55:53 [http-nio-8080-exec-3] DEBUG o.s.s.w.authentication.Http403ForbiddenEntryPoint - Pre-authenticated entry point called. Rejecting access
2025-09-26 23:55:53 [http-nio-8080-exec-3] DEBUG org.springframework.security.web.FilterChainProxy - Securing GET /error
2025-09-26 23:55:53 [http-nio-8080-exec-3] DEBUG o.s.s.w.a.AnonymousAuthenticationFilter - Set SecurityContextHolder to anonymous SecurityContext
2025-09-26 23:55:53 [http-nio-8080-exec-3] DEBUG o.s.s.w.authentication.Http403ForbiddenEntryPoint - Pre-authenticated entry point called. Rejecting access
2025-09-26 23:56:34 [http-nio-8080-exec-4] DEBUG org.springframework.security.web.FilterChainProxy - Securing GET /system/info
2025-09-26 23:56:34 [http-nio-8080-exec-4] DEBUG o.s.s.w.a.AnonymousAuthenticationFilter - Set SecurityContextHolder to anonymous SecurityContext
2025-09-26 23:56:34 [http-nio-8080-exec-4] DEBUG o.s.s.w.authentication.Http403ForbiddenEntryPoint - Pre-authenticated entry point called. Rejecting access
2025-09-26 23:56:34 [http-nio-8080-exec-4] DEBUG org.springframework.security.web.FilterChainProxy - Securing GET /error
2025-09-26 23:56:34 [http-nio-8080-exec-4] DEBUG o.s.s.w.a.AnonymousAuthenticationFilter - Set SecurityContextHolder to anonymous SecurityContext
2025-09-26 23:56:34 [http-nio-8080-exec-4] DEBUG o.s.s.w.authentication.Http403ForbiddenEntryPoint - Pre-authenticated entry point called. Rejecting access
2025-09-26 23:56:56 [SpringApplicationShutdownHook] INFO  org.quartz.core.QuartzScheduler - Scheduler quartzScheduler_$_NON_CLUSTERED paused.
2025-09-26 23:56:56 [SpringApplicationShutdownHook] INFO  o.s.boot.web.embedded.tomcat.GracefulShutdown - Commencing graceful shutdown. Waiting for active requests to complete
2025-09-26 23:56:56 [tomcat-shutdown] INFO  o.s.boot.web.embedded.tomcat.GracefulShutdown - Graceful shutdown complete
2025-09-26 23:56:56 [SpringApplicationShutdownHook] INFO  o.s.scheduling.quartz.SchedulerFactoryBean - Shutting down Quartz Scheduler
2025-09-26 23:56:56 [SpringApplicationShutdownHook] INFO  org.quartz.core.QuartzScheduler - Scheduler quartzScheduler_$_NON_CLUSTERED shutting down.
2025-09-26 23:56:56 [SpringApplicationShutdownHook] INFO  org.quartz.core.QuartzScheduler - Scheduler quartzScheduler_$_NON_CLUSTERED paused.
2025-09-26 23:56:56 [SpringApplicationShutdownHook] INFO  org.quartz.core.QuartzScheduler - Scheduler quartzScheduler_$_NON_CLUSTERED shutdown complete.
[INFO] ------------------------------------------------------------------------
[INFO] BUILD FAILURE
[INFO] ------------------------------------------------------------------------
